{"name": "User can open market tab and add company option", "status": "broken", "statusDetails": {"message": "selenium.common.exceptions.NoSuchElementException: Message: no such element: Unable to locate element: {\"method\":\"xpath\",\"selector\":\"//*[@wized='servicesOffersFilterAgency']\"}\n  (Session info: chrome=145.0.7632.46); For documentation on this error, please visit: https://www.selenium.dev/documentation/webdriver/troubleshooting/errors#nosuchelementexception\nStacktrace:\nSymbols not available. Dumping unresolved backtrace:\n\t0x7ff601984325\n\t0x7ff601984380\n\t0x7ff60171d49d\n\t0x7ff6017782fe\n\t0x7ff60177860c\n\t0x7ff6017c8b67\n\t0x7ff6017c5728\n\t0x7ff601768e38\n\t0x7ff601769d23\n\t0x7ff601c53090\n\t0x7ff601c4d918\n\t0x7ff601c6dc8a\n\t0x7ff6019a06d5\n\t0x7ff6019a967c\n\t0x7ff60198d684\n\t0x7ff60198d836\n\t0x7ff601973347\n\t0x7ffe7316e8d7\n\t0x7ffe74608d9c\n\n", "trace": "  File \"/Users/rifaidounia/Downloads/internship_project/.venv/lib/python3.14/site-packages/behave/model.py\", line 1991, in run\n    match.run(runner.context)\n    ~~~~~~~~~^^^^^^^^^^^^^^^^\n  File \"/Users/rifaidounia/Downloads/internship_project/.venv/lib/python3.14/site-packages/behave/matchers.py\", line 105, in run\n    self.func(context, *args, **kwargs)\n    ~~~~~~~~~^^^^^^^^^^^^^^^^^^^^^^^^^^\n  File \"features/steps/market_page_steps.py\", line 21, in click_on_agency\n    context.app.base_page.click(*AGENCY_FILTER)\n    ~~~~~~~~~~~~~~~~~~~~~~~~~~~^^^^^^^^^^^^^^^^\n  File \"/Users/rifaidounia/Downloads/internship_project/pages/base_page.py\", line 27, in click\n    self.driver.find_element(*locator).click()\n    ~~~~~~~~~~~~~~~~~~~~~~~~^^^^^^^^^^\n  File \"/Users/rifaidounia/Downloads/internship_project/.venv/lib/python3.14/site-packages/selenium/webdriver/remote/webdriver.py\", line 802, in find_element\n    return self.execute(Command.FIND_ELEMENT, {\"using\": by, \"value\": value})[\"value\"]\n           ~~~~~~~~~~~~^^^^^^^^^^^^^^^^^^^^^^^^^^^^^^^^^^^^^^^^^^^^^^^^^^^^^\n  File \"/Users/rifaidounia/Downloads/internship_project/.venv/lib/python3.14/site-packages/selenium/webdriver/remote/webdriver.py\", line 432, in execute\n    self.error_handler.check_response(response)\n    ~~~~~~~~~~~~~~~~~~~~~~~~~~~~~~~~~^^^^^^^^^^\n  File \"/Users/rifaidounia/Downloads/internship_project/.venv/lib/python3.14/site-packages/selenium/webdriver/remote/errorhandler.py\", line 232, in check_response\n    raise exception_class(message, screen, stacktrace)\n"}, "steps": [{"name": "Given open reelly main page", "status": "passed", "start": 1771647389552, "stop": 1771647392566}, {"name": "When log into page", "status": "passed", "start": 1771647392567, "stop": 1771647398876}, {"name": "And Click on “market” in the left side menu", "status": "passed", "start": 1771647398877, "stop": 1771647410228}, {"name": "Then verify right page opens", "status": "passed", "start": 1771647410229, "stop": 1771647419681}, {"name": "When Click on “Agency” filter at the top of the page", "status": "broken", "statusDetails": {"message": "selenium.common.exceptions.NoSuchElementException: Message: no such element: Unable to locate element: {\"method\":\"xpath\",\"selector\":\"//*[@wized='servicesOffersFilterAgency']\"}\n  (Session info: chrome=145.0.7632.46); For documentation on this error, please visit: https://www.selenium.dev/documentation/webdriver/troubleshooting/errors#nosuchelementexception\nStacktrace:\nSymbols not available. Dumping unresolved backtrace:\n\t0x7ff601984325\n\t0x7ff601984380\n\t0x7ff60171d49d\n\t0x7ff6017782fe\n\t0x7ff60177860c\n\t0x7ff6017c8b67\n\t0x7ff6017c5728\n\t0x7ff601768e38\n\t0x7ff601769d23\n\t0x7ff601c53090\n\t0x7ff601c4d918\n\t0x7ff601c6dc8a\n\t0x7ff6019a06d5\n\t0x7ff6019a967c\n\t0x7ff60198d684\n\t0x7ff60198d836\n\t0x7ff601973347\n\t0x7ffe7316e8d7\n\t0x7ffe74608d9c\n\n", "trace": "  File \"/Users/rifaidounia/Downloads/internship_project/.venv/lib/python3.14/site-packages/behave/model.py\", line 1991, in run\n    match.run(runner.context)\n    ~~~~~~~~~^^^^^^^^^^^^^^^^\n  File \"/Users/rifaidounia/Downloads/internship_project/.venv/lib/python3.14/site-packages/behave/matchers.py\", line 105, in run\n    self.func(context, *args, **kwargs)\n    ~~~~~~~~~^^^^^^^^^^^^^^^^^^^^^^^^^^\n  File \"features/steps/market_page_steps.py\", line 21, in click_on_agency\n    context.app.base_page.click(*AGENCY_FILTER)\n    ~~~~~~~~~~~~~~~~~~~~~~~~~~~^^^^^^^^^^^^^^^^\n  File \"/Users/rifaidounia/Downloads/internship_project/pages/base_page.py\", line 27, in click\n    self.driver.find_element(*locator).click()\n    ~~~~~~~~~~~~~~~~~~~~~~~~^^^^^^^^^^\n  File \"/Users/rifaidounia/Downloads/internship_project/.venv/lib/python3.14/site-packages/selenium/webdriver/remote/webdriver.py\", line 802, in find_element\n    return self.execute(Command.FIND_ELEMENT, {\"using\": by, \"value\": value})[\"value\"]\n           ~~~~~~~~~~~~^^^^^^^^^^^^^^^^^^^^^^^^^^^^^^^^^^^^^^^^^^^^^^^^^^^^^\n  File \"/Users/rifaidounia/Downloads/internship_project/.venv/lib/python3.14/site-packages/selenium/webdriver/remote/webdriver.py\", line 432, in execute\n    self.error_handler.check_response(response)\n    ~~~~~~~~~~~~~~~~~~~~~~~~~~~~~~~~~^^^^^^^^^^\n  File \"/Users/rifaidounia/Downloads/internship_project/.venv/lib/python3.14/site-packages/selenium/webdriver/remote/errorhandler.py\", line 232, in check_response\n    raise exception_class(message, screen, stacktrace)\n"}, "start": 1771647419682, "stop": 1771647423891}, {"name": "Then Verify all cards have the “Agency” tag", "status": "skipped", "start": 1771647424578, "stop": 1771647424578}], "start": 1771647384332, "stop": 1771647424578, "uuid": "1a9a1cf0-bd31-4231-8fd5-9e1f8385e933", "historyId": "0f302f612db0da3824480f2ff7f50b7c", "testCaseId": "ccab96a89ede112294173b204170d5f7", "fullName": "tests for main menu bar: User can open market tab and add company option", "labels": [{"name": "severity", "value": "normal"}, {"name": "feature", "value": "tests for main menu bar"}, {"name": "framework", "value": "behave"}, {"name": "language", "value": "cpython3"}], "titlePath": ["features", "tests", "tests for main menu bar"]}